This is pdfTeX, Version 3.14159265-2.6-1.40.16 (TeX Live 2015) (preloaded format=pdflatex 2015.7.16)  12 SEP 2015 16:03
entering extended mode
 restricted \write18 enabled.
 %&-line parsing enabled.
**LSH.tex -recorder
(./LSH.tex
LaTeX2e <2015/01/01>
Babel <3.9l> and hyphenation patterns for 79 languages loaded.
(/usr/local/texlive/2015/texmf-dist/tex/latex/base/article.cls
Document Class: article 2014/09/29 v1.4h Standard LaTeX document class
(/usr/local/texlive/2015/texmf-dist/tex/latex/base/size10.clo
File: size10.clo 2014/09/29 v1.4h Standard LaTeX file (size option)
)
\c@part=\count79
\c@section=\count80
\c@subsection=\count81
\c@subsubsection=\count82
\c@paragraph=\count83
\c@subparagraph=\count84
\c@figure=\count85
\c@table=\count86
\abovecaptionskip=\skip41
\belowcaptionskip=\skip42
\bibindent=\dimen102
)
(/usr/local/texlive/2015/texmf-dist/tex/latex/float/float.sty
Package: float 2001/11/08 v1.3d Float enhancements (AL)
\c@float@type=\count87
\float@exts=\toks14
\float@box=\box26
\@float@everytoks=\toks15
\@floatcapt=\box27
) (./aaai.sty
Conference Style for AAAI for LaTeX 2e -- version of 1 January 2015
\titlebox=\skip43
) (/usr/local/texlive/2015/texmf-dist/tex/latex/psnfss/times.sty
Package: times 2005/04/12 PSNFSS-v9.2a (SPQR) 
)
(/usr/local/texlive/2015/texmf-dist/tex/latex/psnfss/helvet.sty
Package: helvet 2005/04/12 PSNFSS-v9.2a (WaS) 

(/usr/local/texlive/2015/texmf-dist/tex/latex/graphics/keyval.sty
Package: keyval 2014/10/28 v1.15 key=value parser (DPC)
\KV@toks@=\toks16
))
(/usr/local/texlive/2015/texmf-dist/tex/latex/psnfss/courier.sty
Package: courier 2005/04/12 PSNFSS-v9.2a (WaS) 
)
(/usr/local/texlive/2015/texmf-dist/tex/latex/graphics/graphicx.sty
Package: graphicx 2014/10/28 v1.0g Enhanced LaTeX Graphics (DPC,SPQR)

(/usr/local/texlive/2015/texmf-dist/tex/latex/graphics/graphics.sty
Package: graphics 2014/10/28 v1.0p Standard LaTeX Graphics (DPC,SPQR)

(/usr/local/texlive/2015/texmf-dist/tex/latex/graphics/trig.sty
Package: trig 1999/03/16 v1.09 sin cos tan (DPC)
)
(/usr/local/texlive/2015/texmf-dist/tex/latex/latexconfig/graphics.cfg
File: graphics.cfg 2010/04/23 v1.9 graphics configuration of TeX Live
)
Package graphics Info: Driver file: pdftex.def on input line 94.

(/usr/local/texlive/2015/texmf-dist/tex/latex/pdftex-def/pdftex.def
File: pdftex.def 2011/05/27 v0.06d Graphics/color for pdfTeX

(/usr/local/texlive/2015/texmf-dist/tex/generic/oberdiek/infwarerr.sty
Package: infwarerr 2010/04/08 v1.3 Providing info/warning/error messages (HO)
)
(/usr/local/texlive/2015/texmf-dist/tex/generic/oberdiek/ltxcmds.sty
Package: ltxcmds 2011/11/09 v1.22 LaTeX kernel commands for general use (HO)
)
\Gread@gobject=\count88
))
\Gin@req@height=\dimen103
\Gin@req@width=\dimen104
)
(/usr/local/texlive/2015/texmf-dist/tex/latex/subfigure/subfigure.sty
Package: subfigure 2002/03/15 v2.1.5 subfigure package
\subfigtopskip=\skip44
\subfigcapskip=\skip45
\subfigcaptopadj=\dimen105
\subfigbottomskip=\skip46
\subfigcapmargin=\dimen106
\subfiglabelskip=\skip47
\c@subfigure=\count89
\c@lofdepth=\count90
\c@subtable=\count91
\c@lotdepth=\count92

****************************************
* Local config file subfigure.cfg used *
****************************************
(/usr/local/texlive/2015/texmf-dist/tex/latex/subfigure/subfigure.cfg)
\subfig@top=\skip48
\subfig@bottom=\skip49
)
(/usr/local/texlive/2015/texmf-dist/tex/latex/amsmath/amsmath.sty
Package: amsmath 2013/01/14 v2.14 AMS math features
\@mathmargin=\skip50

For additional information on amsmath, use the `?' option.
(/usr/local/texlive/2015/texmf-dist/tex/latex/amsmath/amstext.sty
Package: amstext 2000/06/29 v2.01

(/usr/local/texlive/2015/texmf-dist/tex/latex/amsmath/amsgen.sty
File: amsgen.sty 1999/11/30 v2.0
\@emptytoks=\toks17
\ex@=\dimen107
))
(/usr/local/texlive/2015/texmf-dist/tex/latex/amsmath/amsbsy.sty
Package: amsbsy 1999/11/29 v1.2d
\pmbraise@=\dimen108
)
(/usr/local/texlive/2015/texmf-dist/tex/latex/amsmath/amsopn.sty
Package: amsopn 1999/12/14 v2.01 operator names
)
\inf@bad=\count93
LaTeX Info: Redefining \frac on input line 210.
\uproot@=\count94
\leftroot@=\count95
LaTeX Info: Redefining \overline on input line 306.
\classnum@=\count96
\DOTSCASE@=\count97
LaTeX Info: Redefining \ldots on input line 378.
LaTeX Info: Redefining \dots on input line 381.
LaTeX Info: Redefining \cdots on input line 466.
\Mathstrutbox@=\box28
\strutbox@=\box29
\big@size=\dimen109
LaTeX Font Info:    Redeclaring font encoding OML on input line 566.
LaTeX Font Info:    Redeclaring font encoding OMS on input line 567.
\macc@depth=\count98
\c@MaxMatrixCols=\count99
\dotsspace@=\muskip10
\c@parentequation=\count100
\dspbrk@lvl=\count101
\tag@help=\toks18
\row@=\count102
\column@=\count103
\maxfields@=\count104
\andhelp@=\toks19
\eqnshift@=\dimen110
\alignsep@=\dimen111
\tagshift@=\dimen112
\tagwidth@=\dimen113
\totwidth@=\dimen114
\lineht@=\dimen115
\@envbody=\toks20
\multlinegap=\skip51
\multlinetaggap=\skip52
\mathdisplay@stack=\toks21
LaTeX Info: Redefining \[ on input line 2665.
LaTeX Info: Redefining \] on input line 2666.
)
(/usr/local/texlive/2015/texmf-dist/tex/latex/cases/cases.sty
Package: cases 2002/05/02 ver 2.5 
)
(/usr/local/texlive/2015/texmf-dist/tex/latex/multirow/multirow.sty
\bigstrutjot=\dimen116
)
(/usr/local/texlive/2015/texmf-dist/tex/latex/tools/array.sty
Package: array 2014/10/28 v2.4c Tabular extension package (FMi)
\col@sep=\dimen117
\extrarowheight=\dimen118
\NC@list=\toks22
\extratabsurround=\skip53
\backup@length=\skip54
)
(/usr/local/texlive/2015/texmf-dist/tex/latex/amsfonts/amssymb.sty
Package: amssymb 2013/01/14 v3.01 AMS font symbols

(/usr/local/texlive/2015/texmf-dist/tex/latex/amsfonts/amsfonts.sty
Package: amsfonts 2013/01/14 v3.01 Basic AMSFonts support
\symAMSa=\mathgroup4
\symAMSb=\mathgroup5
LaTeX Font Info:    Overwriting math alphabet `\mathfrak' in version `bold'
(Font)                  U/euf/m/n --> U/euf/b/n on input line 106.
))
(/usr/local/texlive/2015/texmf-dist/tex/latex/graphics/color.sty
Package: color 2014/10/28 v1.1a Standard LaTeX Color (DPC)

(/usr/local/texlive/2015/texmf-dist/tex/latex/latexconfig/color.cfg
File: color.cfg 2007/01/18 v1.5 color configuration of teTeX/TeXLive
)
Package color Info: Driver file: pdftex.def on input line 142.
)
(/usr/local/texlive/2015/texmf-dist/tex/latex/algorithms/algorithm.sty
Package: algorithm 2009/08/24 v0.1 Document Style `algorithm' - floating enviro
nment

(/usr/local/texlive/2015/texmf-dist/tex/latex/base/ifthen.sty
Package: ifthen 2014/09/29 v1.1c Standard LaTeX ifthen package (DPC)
)
\@float@every@algorithm=\toks23
\c@algorithm=\count105
)
(/usr/local/texlive/2015/texmf-dist/tex/latex/algorithms/algorithmic.sty
Package: algorithmic 2009/08/24 v0.1 Document Style `algorithmic'
\c@ALC@unique=\count106
\c@ALC@line=\count107
\c@ALC@rem=\count108
\c@ALC@depth=\count109
\ALC@tlm=\skip55
\algorithmicindent=\skip56
)
(./LSH.aux)
\openout1 = `LSH.aux'.

LaTeX Font Info:    Checking defaults for OML/cmm/m/it on input line 26.
LaTeX Font Info:    ... okay on input line 26.
LaTeX Font Info:    Checking defaults for T1/cmr/m/n on input line 26.
LaTeX Font Info:    ... okay on input line 26.
LaTeX Font Info:    Checking defaults for OT1/cmr/m/n on input line 26.
LaTeX Font Info:    ... okay on input line 26.
LaTeX Font Info:    Checking defaults for OMS/cmsy/m/n on input line 26.
LaTeX Font Info:    ... okay on input line 26.
LaTeX Font Info:    Checking defaults for OMX/cmex/m/n on input line 26.
LaTeX Font Info:    ... okay on input line 26.
LaTeX Font Info:    Checking defaults for U/cmr/m/n on input line 26.
LaTeX Font Info:    ... okay on input line 26.
LaTeX Font Info:    Try loading font information for OT1+ptm on input line 26.
 (/usr/local/texlive/2015/texmf-dist/tex/latex/psnfss/ot1ptm.fd
File: ot1ptm.fd 2001/06/04 font definitions for OT1/ptm.
)
(/usr/local/texlive/2015/texmf-dist/tex/context/base/supp-pdf.mkii
[Loading MPS to PDF converter (version 2006.09.02).]
\scratchcounter=\count110
\scratchdimen=\dimen119
\scratchbox=\box30
\nofMPsegments=\count111
\nofMParguments=\count112
\everyMPshowfont=\toks24
\MPscratchCnt=\count113
\MPscratchDim=\dimen120
\MPnumerator=\count114
\makeMPintoPDFobject=\count115
\everyMPtoPDFconversion=\toks25
) (/usr/local/texlive/2015/texmf-dist/tex/generic/oberdiek/pdftexcmds.sty
Package: pdftexcmds 2011/11/29 v0.20 Utility functions of pdfTeX for LuaTeX (HO
)

(/usr/local/texlive/2015/texmf-dist/tex/generic/oberdiek/ifluatex.sty
Package: ifluatex 2010/03/01 v1.3 Provides the ifluatex switch (HO)
Package ifluatex Info: LuaTeX not detected.
)
(/usr/local/texlive/2015/texmf-dist/tex/generic/oberdiek/ifpdf.sty
Package: ifpdf 2011/01/30 v2.3 Provides the ifpdf switch (HO)
Package ifpdf Info: pdfTeX in PDF mode is detected.
)
Package pdftexcmds Info: LuaTeX not detected.
Package pdftexcmds Info: \pdf@primitive is available.
Package pdftexcmds Info: \pdf@ifprimitive is available.
Package pdftexcmds Info: \pdfdraftmode found.
)
(/usr/local/texlive/2015/texmf-dist/tex/latex/oberdiek/epstopdf-base.sty
Package: epstopdf-base 2010/02/09 v2.5 Base part for package epstopdf

(/usr/local/texlive/2015/texmf-dist/tex/latex/oberdiek/grfext.sty
Package: grfext 2010/08/19 v1.1 Manage graphics extensions (HO)

(/usr/local/texlive/2015/texmf-dist/tex/generic/oberdiek/kvdefinekeys.sty
Package: kvdefinekeys 2011/04/07 v1.3 Define keys (HO)
))
(/usr/local/texlive/2015/texmf-dist/tex/latex/oberdiek/kvoptions.sty
Package: kvoptions 2011/06/30 v3.11 Key value format for package options (HO)

(/usr/local/texlive/2015/texmf-dist/tex/generic/oberdiek/kvsetkeys.sty
Package: kvsetkeys 2012/04/25 v1.16 Key value parser (HO)

(/usr/local/texlive/2015/texmf-dist/tex/generic/oberdiek/etexcmds.sty
Package: etexcmds 2011/02/16 v1.5 Avoid name clashes with e-TeX commands (HO)
Package etexcmds Info: Could not find \expanded.
(etexcmds)             That can mean that you are not using pdfTeX 1.50 or
(etexcmds)             that some package has redefined \expanded.
(etexcmds)             In the latter case, load this package earlier.
)))
Package grfext Info: Graphics extension search list:
(grfext)             [.png,.pdf,.jpg,.mps,.jpeg,.jbig2,.jb2,.PNG,.PDF,.JPG,.JPE
G,.JBIG2,.JB2,.eps]
(grfext)             \AppendGraphicsExtensions on input line 452.

(/usr/local/texlive/2015/texmf-dist/tex/latex/latexconfig/epstopdf-sys.cfg
File: epstopdf-sys.cfg 2010/07/13 v1.3 Configuration of (r)epstopdf for TeX Liv
e
))
LaTeX Font Info:    Font shape `OT1/ptm/bx/n' in size <14.4> not available
(Font)              Font shape `OT1/ptm/b/n' tried instead on input line 53.
LaTeX Font Info:    Try loading font information for U+msa on input line 53.

(/usr/local/texlive/2015/texmf-dist/tex/latex/amsfonts/umsa.fd
File: umsa.fd 2013/01/14 v3.01 AMS symbols A
)
LaTeX Font Info:    Try loading font information for U+msb on input line 53.

(/usr/local/texlive/2015/texmf-dist/tex/latex/amsfonts/umsb.fd
File: umsb.fd 2013/01/14 v3.01 AMS symbols B
)
LaTeX Font Info:    Font shape `OT1/ptm/bx/n' in size <12> not available
(Font)              Font shape `OT1/ptm/b/n' tried instead on input line 53.
LaTeX Font Info:    Try loading font information for OMS+ptm on input line 53.

(/usr/local/texlive/2015/texmf-dist/tex/latex/psnfss/omsptm.fd
File: omsptm.fd 
)
LaTeX Font Info:    Font shape `OMS/ptm/m/n' in size <9> not available
(Font)              Font shape `OMS/cmsy/m/n' tried instead on input line 53.
LaTeX Font Info:    Font shape `OT1/ptm/bx/n' in size <10> not available
(Font)              Font shape `OT1/ptm/b/n' tried instead on input line 54.

(./introduction.tex [1{/usr/local/texlive/2015/texmf-var/fonts/map/pdftex/updma
p/pdftex.map}



]) (./empirical_analysis.tex
LaTeX Font Info:    Font shape `OT1/ptm/bx/n' in size <10.95> not available
(Font)              Font shape `OT1/ptm/b/n' tried instead on input line 3.

<figures/SinaA.jpg, id=14, 562.1pt x 421.575pt>
File: figures/SinaA.jpg Graphic file (type jpg)
 <use figures/SinaA.jpg>
Package pdftex.def Info: figures/SinaA.jpg used on input line 10.
(pdftex.def)             Requested size: 131.66763pt x 98.74849pt.

<figures/SinaB.jpg, id=15, 562.1pt x 421.575pt>
File: figures/SinaB.jpg Graphic file (type jpg)
 <use figures/SinaB.jpg>
Package pdftex.def Info: figures/SinaB.jpg used on input line 10.
(pdftex.def)             Requested size: 131.66763pt x 98.74849pt.

<figures/PatentA.jpg, id=16, 562.1pt x 421.575pt>
File: figures/PatentA.jpg Graphic file (type jpg)
 <use figures/PatentA.jpg>
Package pdftex.def Info: figures/PatentA.jpg used on input line 13.
(pdftex.def)             Requested size: 131.66763pt x 98.74849pt.

<figures/PatentB.jpg, id=17, 562.1pt x 421.575pt>
File: figures/PatentB.jpg Graphic file (type jpg)
 <use figures/PatentB.jpg>
Package pdftex.def Info: figures/PatentB.jpg used on input line 13.
(pdftex.def)             Requested size: 131.66763pt x 98.74849pt.


LaTeX Warning: `h' float specifier changed to `ht'.

[2 <./figures/SinaA.jpg> <./figures/SinaB.jpg> <./figures/PatentA.jpg> <./figur
es/PatentB.jpg>]) (./method.tex
LaTeX Font Info:    Font shape `OMS/ptm/m/n' in size <10> not available
(Font)              Font shape `OMS/cmsy/m/n' tried instead on input line 14.


LaTeX Warning: `h' float specifier changed to `ht'.

) [3] (./experiment.tex
Overfull \hbox (15.60387pt too wide) in paragraph at lines 14--26
[][][] 
 []


Underfull \hbox (badness 1762) in paragraph at lines 29--29
[]\OT1/ptm/m/n/10 Table 3: Area un-der PR curve of LSH-NetRate/LSH-
 []


Overfull \hbox (15.60387pt too wide) in paragraph at lines 30--42
[][][] 
 []

<figures/PR900.jpg, id=30, 562.1pt x 421.575pt>
File: figures/PR900.jpg Graphic file (type jpg)
 <use figures/PR900.jpg>
Package pdftex.def Info: figures/PR900.jpg used on input line 47.
(pdftex.def)             Requested size: 177.06458pt x 132.79681pt.

<figures/Connie900.jpg, id=31, 562.1pt x 421.575pt>
File: figures/Connie900.jpg Graphic file (type jpg)

<use figures/Connie900.jpg>
Package pdftex.def Info: figures/Connie900.jpg used on input line 47.
(pdftex.def)             Requested size: 177.06458pt x 132.79681pt.
 <figures/NetInfPR.jpg, id=32, 562.1pt x 421.575pt>
File: figures/NetInfPR.jpg Graphic file (type jpg)

<use figures/NetInfPR.jpg>
Package pdftex.def Info: figures/NetInfPR.jpg used on input line 47.
(pdftex.def)             Requested size: 177.06458pt x 132.79681pt.

<figures/HeteroStrength.jpg, id=33, 562.1pt x 421.575pt>
File: figures/HeteroStrength.jpg Graphic file (type jpg)

<use figures/HeteroStrength.jpg>
Package pdftex.def Info: figures/HeteroStrength.jpg used on input line 66.
(pdftex.def)             Requested size: 179.54578pt x 134.65587pt.

Underfull \vbox (badness 10000) has occurred while \output is active []

 [4]
<figures/SettingLAG.jpg, id=37, 562.1pt x 421.575pt>
File: figures/SettingLAG.jpg Graphic file (type jpg)

<use figures/SettingLAG.jpg>
Package pdftex.def Info: figures/SettingLAG.jpg used on input line 73.
(pdftex.def)             Requested size: 179.54578pt x 134.65587pt.

Underfull \hbox (badness 10000) in paragraph at lines 82--82
[]\OT1/ptm/m/n/10 Table 5: Max $\OML/cmm/m/it/10 F[]$ \OT1/ptm/m/n/10 score of 
CLSH-NetRate/CLSH-
 []


Overfull \hbox (22.27379pt too wide) in paragraph at lines 83--95
[][][] 
 []


Underfull \hbox (badness 10000) in paragraph at lines 80--95
\OT1/ptm/m/n/10 ex-per-i-ments of CLSH-NetRate/CLSH-ConNie/CLSH-
 []


Underfull \hbox (badness 4341) in paragraph at lines 80--95
\OT1/ptm/m/n/10 NetInf meth-ods on syn-thetic cas-cades with mul-ti-ply
 []


Overfull \hbox (22.27379pt too wide) in paragraph at lines 99--111
[][][] 
 []

<figures/SettingK.jpg, id=38, 562.1pt x 421.575pt>
File: figures/SettingK.jpg Graphic file (type jpg)
 <use figures/SettingK.jpg>
Package pdftex.def Info: figures/SettingK.jpg used on input line 115.
(pdftex.def)             Requested size: 179.54578pt x 134.65587pt.

Underfull \vbox (badness 10000) has occurred while \output is active []

 [5 <./figures/PR900.jpg> <./figures/Connie900.jpg> <./figures/NetInfPR.jpg> <.
/figures/HeteroStrength.jpg> <./figures/SettingLAG.jpg>]
Underfull \vbox (badness 2538) has occurred while \output is active []


Underfull \hbox (badness 1484) in paragraph at lines 157--168
[]\OT1/ptm/b/n/10 Performance vs. cas-cade num-ber. \OT1/ptm/m/n/10 Ta-ble 9[] 
and 10[]
 []

) (./conclusion.tex) (./LSH.bbl
Underfull \hbox (badness 1210) in paragraph at lines 12--17
\OT1/ptm/m/n/10 tures: Re-cov-ery con-di-tions, sam-ple com-plex-ity & soft-
 []

[6 <./figures/SettingK.jpg>]) [7

] (./LSH.aux) ) 
Here is how much of TeX's memory you used:
 3150 strings out of 493089
 42998 string characters out of 6134842
 116126 words of memory out of 5000000
 6527 multiletter control sequences out of 15000+600000
 20525 words of font info for 44 fonts, out of 8000000 for 9000
 1141 hyphenation exceptions out of 8191
 38i,11n,26p,1140b,465s stack positions out of 5000i,500n,10000p,200000b,80000s
{/usr/local/texlive/2015/texmf-dist/fonts/enc/dvips/base/8r.enc}
</usr/local/texlive/2015/texmf-dist/fonts/type1/public/amsfonts/cm/cmex10.pfb><
/usr/local/texlive/2015/texmf-dist/fonts/type1/public/amsfonts/cm/cmmi10.pfb></
usr/local/texlive/2015/texmf-dist/fonts/type1/public/amsfonts/cm/cmmi5.pfb></us
r/local/texlive/2015/texmf-dist/fonts/type1/public/amsfonts/cm/cmmi7.pfb></usr/
local/texlive/2015/texmf-dist/fonts/type1/public/amsfonts/cm/cmr10.pfb></usr/lo
cal/texlive/2015/texmf-dist/fonts/type1/public/amsfonts/cm/cmr5.pfb></usr/local
/texlive/2015/texmf-dist/fonts/type1/public/amsfonts/cm/cmr7.pfb></usr/local/te
xlive/2015/texmf-dist/fonts/type1/public/amsfonts/cm/cmsy10.pfb></usr/local/tex
live/2015/texmf-dist/fonts/type1/public/amsfonts/cm/cmsy5.pfb></usr/local/texli
ve/2015/texmf-dist/fonts/type1/public/amsfonts/cm/cmsy7.pfb></usr/local/texlive
/2015/texmf-dist/fonts/type1/public/amsfonts/cm/cmsy9.pfb></usr/local/texlive/2
015/texmf-dist/fonts/type1/urw/times/utmb8a.pfb></usr/local/texlive/2015/texmf-
dist/fonts/type1/urw/times/utmr8a.pfb></usr/local/texlive/2015/texmf-dist/fonts
/type1/urw/times/utmri8a.pfb>
Output written on LSH.pdf (7 pages, 413248 bytes).
PDF statistics:
 95 PDF objects out of 1000 (max. 8388607)
 61 compressed objects within 1 object stream
 0 named destinations out of 1000 (max. 500000)
 51 words of extra memory for PDF output out of 10000 (max. 10000000)

